<?xml version="1.0" encoding="UTF-8"?>
<testsuite xmlns:xsi="http://www.w3.org/2001/XMLSchema-instance" xsi:noNamespaceSchemaLocation="https://maven.apache.org/surefire/maven-surefire-plugin/xsd/surefire-test-report-3.0.xsd" version="3.0" name="practice1.MainTest" time="0.192" tests="5" errors="0" skipped="0" failures="0">
  <properties>
    <property name="sun.desktop" value="windows"/>
    <property name="awt.toolkit" value="sun.awt.windows.WToolkit"/>
    <property name="java.specification.version" value="11"/>
    <property name="sun.cpu.isalist" value="amd64"/>
    <property name="sun.jnu.encoding" value="Cp1251"/>
    <property name="java.class.path" value="C:\Users\vasya\IdeaProjects\practice1\target\test-classes;C:\Users\vasya\IdeaProjects\practice1\target\classes;C:\Users\vasya\.m2\repository\com\fasterxml\jackson\core\jackson-databind\2.12.3\jackson-databind-2.12.3.jar;C:\Users\vasya\.m2\repository\com\fasterxml\jackson\core\jackson-annotations\2.12.3\jackson-annotations-2.12.3.jar;C:\Users\vasya\.m2\repository\com\fasterxml\jackson\core\jackson-core\2.12.3\jackson-core-2.12.3.jar;C:\Users\vasya\.m2\repository\org\junit\jupiter\junit-jupiter-engine\5.7.0\junit-jupiter-engine-5.7.0.jar;C:\Users\vasya\.m2\repository\org\apiguardian\apiguardian-api\1.1.0\apiguardian-api-1.1.0.jar;C:\Users\vasya\.m2\repository\org\junit\platform\junit-platform-engine\1.7.0\junit-platform-engine-1.7.0.jar;C:\Users\vasya\.m2\repository\org\opentest4j\opentest4j\1.2.0\opentest4j-1.2.0.jar;C:\Users\vasya\.m2\repository\org\junit\platform\junit-platform-commons\1.7.0\junit-platform-commons-1.7.0.jar;C:\Users\vasya\.m2\repository\org\junit\jupiter\junit-jupiter-api\5.7.0\junit-jupiter-api-5.7.0.jar;C:\Users\vasya\.m2\repository\org\junit\jupiter\junit-jupiter-params\5.7.0\junit-jupiter-params-5.7.0.jar;"/>
    <property name="java.vm.vendor" value="Amazon.com Inc."/>
    <property name="sun.arch.data.model" value="64"/>
    <property name="user.variant" value=""/>
    <property name="java.vendor.url" value="https://aws.amazon.com/corretto/"/>
    <property name="user.timezone" value="Europe/Helsinki"/>
    <property name="user.country.format" value="UA"/>
    <property name="java.vm.specification.version" value="11"/>
    <property name="os.name" value="Windows 10"/>
    <property name="sun.java.launcher" value="SUN_STANDARD"/>
    <property name="user.country" value="RU"/>
    <property name="sun.boot.library.path" value="C:\Users\vasya\.jdks\corretto-11.0.11\bin"/>
    <property name="sun.java.command" value="C:\Users\vasya\AppData\Local\Temp\surefire1048288395587845357\surefirebooter14368883753788276049.jar C:\Users\vasya\AppData\Local\Temp\surefire1048288395587845357 2021-05-24T19-32-03_960-jvmRun1 surefire8487249270748897464tmp surefire_018369666077494755031tmp"/>
    <property name="jdk.debug" value="release"/>
    <property name="surefire.test.class.path" value="C:\Users\vasya\IdeaProjects\practice1\target\test-classes;C:\Users\vasya\IdeaProjects\practice1\target\classes;C:\Users\vasya\.m2\repository\com\fasterxml\jackson\core\jackson-databind\2.12.3\jackson-databind-2.12.3.jar;C:\Users\vasya\.m2\repository\com\fasterxml\jackson\core\jackson-annotations\2.12.3\jackson-annotations-2.12.3.jar;C:\Users\vasya\.m2\repository\com\fasterxml\jackson\core\jackson-core\2.12.3\jackson-core-2.12.3.jar;C:\Users\vasya\.m2\repository\org\junit\jupiter\junit-jupiter-engine\5.7.0\junit-jupiter-engine-5.7.0.jar;C:\Users\vasya\.m2\repository\org\apiguardian\apiguardian-api\1.1.0\apiguardian-api-1.1.0.jar;C:\Users\vasya\.m2\repository\org\junit\platform\junit-platform-engine\1.7.0\junit-platform-engine-1.7.0.jar;C:\Users\vasya\.m2\repository\org\opentest4j\opentest4j\1.2.0\opentest4j-1.2.0.jar;C:\Users\vasya\.m2\repository\org\junit\platform\junit-platform-commons\1.7.0\junit-platform-commons-1.7.0.jar;C:\Users\vasya\.m2\repository\org\junit\jupiter\junit-jupiter-api\5.7.0\junit-jupiter-api-5.7.0.jar;C:\Users\vasya\.m2\repository\org\junit\jupiter\junit-jupiter-params\5.7.0\junit-jupiter-params-5.7.0.jar;"/>
    <property name="sun.cpu.endian" value="little"/>
    <property name="user.home" value="C:\Users\vasya"/>
    <property name="user.language" value="ru"/>
    <property name="java.specification.vendor" value="Oracle Corporation"/>
    <property name="java.version.date" value="2021-04-20"/>
    <property name="java.home" value="C:\Users\vasya\.jdks\corretto-11.0.11"/>
    <property name="file.separator" value="\"/>
    <property name="basedir" value="C:\Users\vasya\IdeaProjects\practice1"/>
    <property name="java.vm.compressedOopsMode" value="32-bit"/>
    <property name="line.separator" value="&#10;"/>
    <property name="java.specification.name" value="Java Platform API Specification"/>
    <property name="java.vm.specification.vendor" value="Oracle Corporation"/>
    <property name="java.awt.graphicsenv" value="sun.awt.Win32GraphicsEnvironment"/>
    <property name="surefire.real.class.path" value="C:\Users\vasya\AppData\Local\Temp\surefire1048288395587845357\surefirebooter14368883753788276049.jar"/>
    <property name="user.script" value=""/>
    <property name="sun.management.compiler" value="HotSpot 64-Bit Tiered Compilers"/>
    <property name="java.runtime.version" value="11.0.11+9-LTS"/>
    <property name="user.name" value="vasya"/>
    <property name="path.separator" value=";"/>
    <property name="os.version" value="10.0"/>
    <property name="java.runtime.name" value="OpenJDK Runtime Environment"/>
    <property name="file.encoding" value="Cp1251"/>
    <property name="java.vm.name" value="OpenJDK 64-Bit Server VM"/>
    <property name="java.vendor.version" value="Corretto-11.0.11.9.1"/>
    <property name="localRepository" value="C:\Users\vasya\.m2\repository"/>
    <property name="java.vendor.url.bug" value="https://github.com/corretto/corretto-11/issues/"/>
    <property name="java.io.tmpdir" value="C:\Users\vasya\AppData\Local\Temp\"/>
    <property name="java.version" value="11.0.11"/>
    <property name="user.dir" value="C:\Users\vasya\IdeaProjects\practice1"/>
    <property name="os.arch" value="amd64"/>
    <property name="java.vm.specification.name" value="Java Virtual Machine Specification"/>
    <property name="java.awt.printerjob" value="sun.awt.windows.WPrinterJob"/>
    <property name="user.language.format" value="uk"/>
    <property name="sun.os.patch.level" value=""/>
    <property name="java.library.path" value="C:\Users\vasya\.jdks\corretto-11.0.11\bin;C:\WINDOWS\Sun\Java\bin;C:\WINDOWS\system32;C:\WINDOWS;C:\ProgramData\Oracle\Java\javapath;C:\Program Files (x86)\Common Files\Oracle\Java\javapath;C:\WINDOWS\system32;C:\WINDOWS;C:\WINDOWS\System32\Wbem;C:\WINDOWS\System32\WindowsPowerShell\v1.0\;C:\WINDOWS\System32\OpenSSH\;C:\Program Files\Microsoft SQL Server\130\Tools\Binn\;C:\ProgramData\Microsoft\Windows\Start Menu\Programs\Python 3.7;C:\Users\vasya\AppData\Roaming\Microsoft\Windows\Start Menu\Programs\Python 3.8;C:\Program Files\Git\cmd;C:\Users\vasya\AppData\Local\Programs\Python\Python38-32\Scripts;C:\Users\vasya\AppData\Local\Programs\Python\Python38-32\;C:\ProgramData\chocolatey\bin;C:\Program Files\dotnet\;C:\TDM-GCC-64\bin;D:\golang\bin;C:\Program Files\Graphviz\bin;C:\Program Files\Microsoft SQL Server\Client SDK\ODBC\170\Tools\Binn\;C:\Program Files (x86)\Microsoft SQL Server\150\Tools\Binn\;C:\Program Files\Microsoft SQL Server\150\Tools\Binn\;C:\Program Files\Microsoft SQL Server\150\DTS\Binn\;C:\Program Files (x86)\Microsoft SQL Server\150\DTS\Binn\;C:\Program Files\Azure Data Studio\bin;C:\Users\vasya\.jdks\corretto-11.0.11\bin;D:\apache-maven-3.8.1\bin;C:\Users\vasya\AppData\Local\Microsoft\WindowsApps;C:\Users\vasya\AppData\Local\GitHubDesktop\bin;C:\Users\vasya\AppData\Local\Programs\Python\Python38-32\python.exe;C:\Users\vasya\AppData\Local\Programs\Python\Python38-32\Scripts\pip.exe;C:\Users\vasya\AppData\Local\Google\Cloud SDK\google-cloud-sdk\bin;C:\tools\dart-sdk\bin;C:\Users\vasya\AppData\Roaming\Pub\Cache\bin;D:\Microsoft VS Code\bin;D:\JetBrains Rider 2020.2.4\bin;;C:\Users\vasya\.dotnet\tools;D:\GoLand 2020.3.1\bin;;D:\heroku\bin;C:\Users\vasya\AppData\Local\Microsoft\WindowsApps;C:\Users\vasya\go\bin;;C:\Program Files\Azure Data Studio\bin;D:\DataGrip 2021.1.1\bin;;D:\IntelliJ IDEA 2021.1.1\bin;;."/>
    <property name="java.vm.info" value="mixed mode"/>
    <property name="java.vendor" value="Amazon.com Inc."/>
    <property name="java.vm.version" value="11.0.11+9-LTS"/>
    <property name="sun.io.unicode.encoding" value="UnicodeLittle"/>
    <property name="java.class.version" value="55.0"/>
  </properties>
  <testcase name="shouldEncodePackage_params(byte, long, String)[1]" classname="practice1.MainTest" time="0.09">
    <system-out><![CDATA[client: 10
packetID: 222
length: 11
crc16 head: 3555
]]></system-out>
  </testcase>
  <testcase name="shouldEncodePackage_params(byte, long, String)[2]" classname="practice1.MainTest" time="0.003">
    <system-out><![CDATA[client: 10
packetID: 5435
length: 7
crc16 head: 7084
]]></system-out>
  </testcase>
  <testcase name="shouldEncodePackage_params(byte, long, String)[3]" classname="practice1.MainTest" time="0.002">
    <system-out><![CDATA[client: 11
packetID: 43
length: 12
crc16 head: 23340
]]></system-out>
  </testcase>
  <testcase name="shouldEncodePackage_params(byte, long, String)[4]" classname="practice1.MainTest" time="0.002">
    <system-out><![CDATA[client: 14
packetID: 432
length: 15
crc16 head: 20996
]]></system-out>
  </testcase>
  <testcase name="shouldEncodePackage" classname="practice1.MainTest" time="0.001">
    <system-out><![CDATA[client: 1
packetID: 111
length: 11
crc16 head: -25467
]]></system-out>
  </testcase>
</testsuite>